<?xml version="1.0" encoding="UTF-8"?>
<!-- Generated by org.testng.reporters.JUnitReportReporter -->
<testsuite hostname="hp" failures="0" tests="1" name="testNG_XML_Used.MyClass3" time="0.003" errors="0" timestamp="2023-12-22T02:49:25 IST" skipped="0">
  <testcase classname="testNG_XML_Used.MyClass3" name="Tc11" time="0.003">
    <system-out>
      <![CDATA[Tc11 is running..]]>
    </system-out>
  </testcase> <!-- Tc11 -->
  <system-out>
    <![CDATA[Tc12 is running..
Tc13 is running..
Tc14 is running..
Tc11 is running..]]>
  </system-out>
</testsuite> <!-- testNG_XML_Used.MyClass3 -->
