<?xml version="1.0" encoding="UTF-8"?>
<!-- Generated by org.testng.reporters.JUnitReportReporter -->
<testsuite hostname="hp" failures="0" tests="1" name="testNG_ParallelandSerialExecution.Flipkart_launch" time="5.664" errors="0" timestamp="2024-01-01T11:16:16 IST" skipped="0">
  <testcase classname="testNG_ParallelandSerialExecution.Flipkart_launch" name="flipkart" time="5.664">
    <system-out>
      <![CDATA[Launching flipkart]]>
    </system-out>
  </testcase> <!-- flipkart -->
  <system-out>
    <![CDATA[Lanching amazon
Launching flipkart]]>
  </system-out>
</testsuite> <!-- testNG_ParallelandSerialExecution.Flipkart_launch -->
