<?xml version="1.0" encoding="UTF-8"?>
<!-- Generated by org.testng.reporters.JUnitReportReporter -->
<testsuite hostname="hp" failures="0" tests="3" name="testNG_XML_Used.MyClass2" time="0.016" errors="0" timestamp="2023-12-22T03:04:31 IST" skipped="0">
  <testcase classname="testNG_XML_Used.MyClass2" name="Tc6" time="0.001">
    <system-out>
      <![CDATA[Tc6 is running..]]>
    </system-out>
  </testcase> <!-- Tc6 -->
  <testcase classname="testNG_XML_Used.MyClass2" name="Tc7" time="0.002">
    <system-out>
      <![CDATA[Tc7 is running..]]>
    </system-out>
  </testcase> <!-- Tc7 -->
  <testcase classname="testNG_XML_Used.MyClass2" name="Tc5" time="0.013">
    <system-out>
      <![CDATA[Tc5 is running..]]>
    </system-out>
  </testcase> <!-- Tc5 -->
  <system-out>
    <![CDATA[Tc5 is running..
Tc6 is running..
Tc7 is running..
Tc2 is running..
Tc3 is running..]]>
  </system-out>
</testsuite> <!-- testNG_XML_Used.MyClass2 -->
