<?xml version="1.0" encoding="UTF-8"?>
<!-- Generated by org.testng.reporters.JUnitReportReporter -->
<testsuite hostname="hp" failures="0" tests="2" name="testNG_Keywords.enableKeyword_Used" time="0.017" errors="0" timestamp="2023-12-21T04:14:37 IST" skipped="1">
  <testcase classname="testNG_Keywords.enableKeyword_Used" name="add" time="0.017">
    <system-out>
      <![CDATA[It is true and it will execute]]>
    </system-out>
  </testcase> <!-- add -->
  <testcase classname="testNG_Keywords.enableKeyword_Used" name="sub">
    <skipped/>
  </testcase> <!-- sub -->
  <system-out>
    <![CDATA[It is true and it will execute]]>
  </system-out>
</testsuite> <!-- testNG_Keywords.enableKeyword_Used -->
