<?xml version="1.0" encoding="UTF-8"?>
<!-- Generated by org.testng.reporters.JUnitReportReporter -->
<testsuite hostname="hp" failures="0" tests="4" name="testNG_Keywords.invocationKeyword_Used" time="0.022" errors="0" timestamp="2023-12-21T03:13:27 IST" skipped="0">
  <testcase classname="testNG_Keywords.invocationKeyword_Used" name="test1" time="0.003">
    <system-out>
      <![CDATA[Test  2is running..]]>
    </system-out>
  </testcase> <!-- test1 -->
  <testcase classname="testNG_Keywords.invocationKeyword_Used" name="test1" time="0.002">
    <system-out>
      <![CDATA[Test  2is running..]]>
    </system-out>
  </testcase> <!-- test1 -->
  <testcase classname="testNG_Keywords.invocationKeyword_Used" name="test" time="0.015">
    <system-out>
      <![CDATA[Test 1 is running..]]>
    </system-out>
  </testcase> <!-- test -->
  <testcase classname="testNG_Keywords.invocationKeyword_Used" name="test1" time="0.002">
    <system-out>
      <![CDATA[Test  2is running..]]>
    </system-out>
  </testcase> <!-- test1 -->
  <system-out>
    <![CDATA[Test 1 is running..
Test  2is running..
Test  2is running..
Test  2is running..]]>
  </system-out>
</testsuite> <!-- testNG_Keywords.invocationKeyword_Used -->
