<?xml version="1.0" encoding="UTF-8"?>
<!-- Generated by org.testng.reporters.JUnitReportReporter -->
<testsuite hostname="hp" failures="0" tests="1" name="testNG_ParallelandSerialExecution.amazon_launch" time="9.316" errors="0" timestamp="2024-01-01T11:16:16 IST" skipped="0">
  <testcase classname="testNG_ParallelandSerialExecution.amazon_launch" name="amazon" time="9.316">
    <system-out>
      <![CDATA[Lanching amazon]]>
    </system-out>
  </testcase> <!-- amazon -->
  <system-out>
    <![CDATA[Lanching amazon
Launching flipkart]]>
  </system-out>
</testsuite> <!-- testNG_ParallelandSerialExecution.amazon_launch -->
