<?xml version="1.0" encoding="UTF-8"?>
<!-- Generated by org.testng.reporters.JUnitReportReporter -->
<testsuite hostname="hp" failures="0" tests="2" name="testNG_Annotations.annotations_Used" time="0.032" errors="0" timestamp="2023-12-20T03:42:58 IST" skipped="0">
  <testcase classname="testNG_Annotations.annotations_Used" name="method2" time="0.020">
    <system-out>
      <![CDATA[Test method2 is running..]]>
    </system-out>
  </testcase> <!-- method2 -->
  <testcase classname="testNG_Annotations.annotations_Used" name="method1" time="0.012">
    <system-out>
      <![CDATA[Test method1 is running..]]>
    </system-out>
  </testcase> <!-- method1 -->
  <system-out>
    <![CDATA[Login is Done..
Test method1 is running..
LogOut is Done..
Login is Done..
Test method2 is running..
LogOut is Done..]]>
  </system-out>
</testsuite> <!-- testNG_Annotations.annotations_Used -->
