<?xml version="1.0" encoding="UTF-8"?>
<!-- Generated by org.testng.reporters.JUnitReportReporter -->
<testsuite hostname="hp" failures="0" tests="4" name="testNG_Keywords.priorityKeyword_Used" time="0.020" errors="0" timestamp="2023-12-21T11:13:45 IST" skipped="0">
  <testcase classname="testNG_Keywords.priorityKeyword_Used" name="b" time="0.014">
    <system-out>
      <![CDATA[Tc B is running.]]>
    </system-out>
  </testcase> <!-- b -->
  <testcase classname="testNG_Keywords.priorityKeyword_Used" name="a" time="0.002">
    <system-out>
      <![CDATA[Tc A is running.]]>
    </system-out>
  </testcase> <!-- a -->
  <testcase classname="testNG_Keywords.priorityKeyword_Used" name="d" time="0.002">
    <system-out>
      <![CDATA[Tc D is running.]]>
    </system-out>
  </testcase> <!-- d -->
  <testcase classname="testNG_Keywords.priorityKeyword_Used" name="c" time="0.002">
    <system-out>
      <![CDATA[Tc C is running.]]>
    </system-out>
  </testcase> <!-- c -->
  <system-out>
    <![CDATA[Tc B is running.
Tc A is running.
Tc D is running.
Tc C is running.]]>
  </system-out>
</testsuite> <!-- testNG_Keywords.priorityKeyword_Used -->
