<?xml version="1.0" encoding="UTF-8"?>
<!-- Generated by org.testng.reporters.JUnitReportReporter -->
<testsuite hostname="hp" failures="0" tests="1" name="testNG_Study.testng_Demo" time="0.014" errors="0" timestamp="2023-12-18T04:02:27 IST" skipped="0">
  <testcase classname="testNG_Study.testng_Demo" name="reporter" time="0.014">
    <system-out>
      <![CDATA[Hi this is Reporter without boolean parameter
Hi this is Reporter with Boolean Parameter]]>
    </system-out>
  </testcase> <!-- reporter -->
  <system-out>
    <![CDATA[Hi this is Reporter without boolean parameter
Hi this is Reporter with Boolean Parameter]]>
  </system-out>
</testsuite> <!-- testNG_Study.testng_Demo -->
