<?xml version="1.0" encoding="UTF-8"?>
<!-- Generated by org.testng.reporters.JUnitReportReporter -->
<testsuite hostname="hp" failures="0" tests="3" name="testNG_XML_Used.MyClass4" time="0.020" errors="0" timestamp="2023-12-22T02:49:25 IST" skipped="0">
  <testcase classname="testNG_XML_Used.MyClass4" name="Tc13" time="0.003">
    <system-out>
      <![CDATA[Tc13 is running..]]>
    </system-out>
  </testcase> <!-- Tc13 -->
  <testcase classname="testNG_XML_Used.MyClass4" name="Tc14" time="0.004">
    <system-out>
      <![CDATA[Tc14 is running..]]>
    </system-out>
  </testcase> <!-- Tc14 -->
  <testcase classname="testNG_XML_Used.MyClass4" name="Tc12" time="0.013">
    <system-out>
      <![CDATA[Tc12 is running..]]>
    </system-out>
  </testcase> <!-- Tc12 -->
  <system-out>
    <![CDATA[Tc12 is running..
Tc13 is running..
Tc14 is running..
Tc11 is running..]]>
  </system-out>
</testsuite> <!-- testNG_XML_Used.MyClass4 -->
