<?xml version="1.0" encoding="UTF-8"?>
<!-- Generated by org.testng.reporters.JUnitReportReporter -->
<testsuite hostname="hp" failures="0" tests="5" name="testNG_Keywords.keywordsMixed_Used" time="0.037" errors="0" timestamp="2023-12-21T04:35:23 IST" skipped="0">
  <testcase classname="testNG_Keywords.keywordsMixed_Used" name="d" time="0.018">
    <system-out>
      <![CDATA[d method is running...]]>
    </system-out>
  </testcase> <!-- d -->
  <testcase classname="testNG_Keywords.keywordsMixed_Used" name="b" time="0.003">
    <system-out>
      <![CDATA[b method is running...]]>
    </system-out>
  </testcase> <!-- b -->
  <testcase classname="testNG_Keywords.keywordsMixed_Used" name="b" time="0.002">
    <system-out>
      <![CDATA[b method is running...]]>
    </system-out>
  </testcase> <!-- b -->
  <testcase classname="testNG_Keywords.keywordsMixed_Used" name="a" time="0.012">
    <system-out>
      <![CDATA[a method is running...]]>
    </system-out>
  </testcase> <!-- a -->
  <testcase classname="testNG_Keywords.keywordsMixed_Used" name="c" time="0.002">
    <system-out>
      <![CDATA[c method is running...]]>
    </system-out>
  </testcase> <!-- c -->
  <system-out>
    <![CDATA[d method is running...
a method is running...
b method is running...
b method is running...
c method is running...]]>
  </system-out>
</testsuite> <!-- testNG_Keywords.keywordsMixed_Used -->
