<?xml version="1.0" encoding="UTF-8"?>
<!-- Generated by org.testng.reporters.JUnitReportReporter -->
<testsuite hostname="hp" failures="0" tests="4" name="testNG_Keywords.dependsOnMethod_Used" time="0.020" errors="0" timestamp="2023-12-21T03:49:46 IST" skipped="0">
  <testcase classname="testNG_Keywords.dependsOnMethod_Used" name="z" time="0.003">
    <system-out>
      <![CDATA[z is running..]]>
    </system-out>
  </testcase> <!-- z -->
  <testcase classname="testNG_Keywords.dependsOnMethod_Used" name="y" time="0.002">
    <system-out>
      <![CDATA[y is running..]]>
    </system-out>
  </testcase> <!-- y -->
  <testcase classname="testNG_Keywords.dependsOnMethod_Used" name="w" time="0.003">
    <system-out>
      <![CDATA[w is running..]]>
    </system-out>
  </testcase> <!-- w -->
  <testcase classname="testNG_Keywords.dependsOnMethod_Used" name="x" time="0.012">
    <system-out>
      <![CDATA[x is running..]]>
    </system-out>
  </testcase> <!-- x -->
  <system-out>
    <![CDATA[x is running..
y is running..
z is running..
w is running..]]>
  </system-out>
</testsuite> <!-- testNG_Keywords.dependsOnMethod_Used -->
