<?xml version="1.0" encoding="UTF-8"?>
<!-- Generated by org.testng.reporters.JUnitReportReporter -->
<testsuite hostname="hp" failures="0" tests="1" name="testNG_Study.firstClass" time="7.876" errors="0" timestamp="2023-12-18T03:55:40 IST" skipped="0">
  <testcase classname="testNG_Study.firstClass" name="test1" time="7.876"/>
</testsuite> <!-- testNG_Study.firstClass -->
