<?xml version="1.0" encoding="UTF-8"?>
<!-- Generated by org.testng.reporters.JUnitReportReporter -->
<testsuite hostname="hp" failures="0" tests="3" name="testNG_DataProvider.FbAccountForm" time="38.570" errors="0" timestamp="2023-12-27T04:48:18 IST" skipped="0">
  <testcase classname="testNG_DataProvider.FbAccountForm" name="FbSingin" time="16.449"/>
  <testcase classname="testNG_DataProvider.FbAccountForm" name="FbSingin" time="10.902"/>
  <testcase classname="testNG_DataProvider.FbAccountForm" name="FbSingin" time="11.219"/>
</testsuite> <!-- testNG_DataProvider.FbAccountForm -->
