<?xml version="1.0" encoding="UTF-8"?>
<!-- Generated by org.testng.reporters.JUnitReportReporter -->
<testsuite hostname="hp" failures="0" tests="3" name="testNG_XML_Used.SingleClassIncludeUsed" time="0.011" errors="0" timestamp="2023-12-25T11:06:59 IST" skipped="0">
  <testcase classname="testNG_XML_Used.SingleClassIncludeUsed" name="Tc3" time="0.001">
    <system-out>
      <![CDATA[Tc3 is running..]]>
    </system-out>
  </testcase> <!-- Tc3 -->
  <testcase classname="testNG_XML_Used.SingleClassIncludeUsed" name="Tc2" time="0.009">
    <system-out>
      <![CDATA[Tc2 is running..]]>
    </system-out>
  </testcase> <!-- Tc2 -->
  <testcase classname="testNG_XML_Used.SingleClassIncludeUsed" name="Tc4" time="0.001">
    <system-out>
      <![CDATA[Tc4 is running..]]>
    </system-out>
  </testcase> <!-- Tc4 -->
  <system-out>
    <![CDATA[Tc2 is running..
Tc3 is running..
Tc4 is running..]]>
  </system-out>
</testsuite> <!-- testNG_XML_Used.SingleClassIncludeUsed -->
