<?xml version="1.0" encoding="UTF-8"?>
<!-- Generated by org.testng.reporters.JUnitReportReporter -->
<testsuite hostname="hp" failures="0" tests="2" name="testNG_XML_Used.MyClass1" time="0.003" errors="0" timestamp="2023-12-22T02:33:15 IST" skipped="0">
  <testcase classname="testNG_XML_Used.MyClass1" name="Tc3" time="0.002">
    <system-out>
      <![CDATA[Tc3 is running..]]>
    </system-out>
  </testcase> <!-- Tc3 -->
  <testcase classname="testNG_XML_Used.MyClass1" name="Tc2" time="0.001">
    <system-out>
      <![CDATA[Tc2 is running..]]>
    </system-out>
  </testcase> <!-- Tc2 -->
  <system-out>
    <![CDATA[Tc5 is running..
Tc6 is running..
Tc7 is running..
Tc2 is running..
Tc3 is running..]]>
  </system-out>
</testsuite> <!-- testNG_XML_Used.MyClass1 -->
