<?xml version="1.0" encoding="UTF-8"?>
<!-- Generated by org.testng.reporters.JUnitReportReporter -->
<testsuite hostname="hp" failures="0" tests="3" name="testNG_Study.Ptestng01" time="26.914" errors="0" timestamp="2023-12-18T04:36:00 IST" skipped="0">
  <testcase classname="testNG_Study.Ptestng01" name="redBusLaunch" time="10.380">
    <system-out>
      <![CDATA[Launching RedBus]]>
    </system-out>
  </testcase> <!-- redBusLaunch -->
  <testcase classname="testNG_Study.Ptestng01" name="zomatoLaunch" time="7.844">
    <system-out>
      <![CDATA[Launching zomato]]>
    </system-out>
  </testcase> <!-- zomatoLaunch -->
  <testcase classname="testNG_Study.Ptestng01" name="flipkartlanch" time="8.690">
    <system-out>
      <![CDATA[Launching flipkart]]>
    </system-out>
  </testcase> <!-- flipkartlanch -->
  <system-out>
    <![CDATA[Launching flipkart
Launching RedBus
Launching zomato]]>
  </system-out>
</testsuite> <!-- testNG_Study.Ptestng01 -->
